<?xml version="1.0" encoding="UTF-8"?>
<!-- Generated by org.testng.reporters.JUnitReportReporter -->
<testsuite hostname="MaC" failures="0" tests="2" name="automation.mavenJava.BrowserLunchingTest" time="1.525" errors="0" timestamp="2024-07-03T11:30:59 IST" skipped="0">
  <testcase classname="automation.mavenJava.BrowserLunchingTest" name="verifyingTitleOfPage" time="0.162"/>
  <testcase classname="automation.mavenJava.BrowserLunchingTest" name="handleChildWindow" time="1.363"/>
</testsuite> <!-- automation.mavenJava.BrowserLunchingTest -->
