<?xml version="1.0" encoding="UTF-8"?>
<!-- Generated by org.testng.reporters.JUnitReportReporter -->
<testsuite hostname="MaC" failures="0" tests="1" name="automation.mavenJava.BrowserLunching" time="0.010" errors="0" timestamp="2024-06-27T18:58:37 IST" skipped="0">
  <testcase classname="automation.mavenJava.BrowserLunching" name="m1" time="0.010"/>
</testsuite> <!-- automation.mavenJava.BrowserLunching -->
